{"level":"info","message":{"endpoint":"/health","method":"GET","metric":"http_request_duration","statusCode":200,"timestamp":"2025-09-14T21:31:08.876Z","value":9},"timestamp":"2025-09-14 14:31:08.876"}
{"level":"info","message":{"endpoint":"/admin/settings","method":"GET","metric":"http_request_duration","statusCode":401,"timestamp":"2025-09-14T21:32:24.582Z","value":182},"timestamp":"2025-09-14 14:32:24.582"}
{"level":"info","message":{"endpoint":"/admin/users","method":"GET","metric":"http_request_duration","statusCode":401,"timestamp":"2025-09-14T21:32:50.668Z","value":1},"timestamp":"2025-09-14 14:32:50.668"}
{"level":"info","message":{"endpoint":"/admin/settings","method":"GET","metric":"http_request_duration","statusCode":401,"timestamp":"2025-09-14T21:32:50.673Z","value":1},"timestamp":"2025-09-14 14:32:50.673"}
{"level":"info","message":{"endpoint":"/api/browser-log","method":"POST","metric":"http_request_duration","statusCode":500,"timestamp":"2025-09-14T21:32:51.024Z","value":309},"timestamp":"2025-09-14 14:32:51.024"}
{"level":"info","message":{"endpoint":"/shifts","method":"GET","metric":"http_request_duration","statusCode":401,"timestamp":"2025-09-14T21:33:24.343Z","value":208},"timestamp":"2025-09-14 14:33:24.343"}
{"level":"info","message":{"endpoint":"/staff","method":"GET","metric":"http_request_duration","statusCode":401,"timestamp":"2025-09-14T21:33:24.399Z","value":259},"timestamp":"2025-09-14 14:33:24.399"}
{"level":"info","message":{"endpoint":"/admin/status","method":"GET","metric":"http_request_duration","statusCode":401,"timestamp":"2025-09-14T21:33:24.406Z","value":277},"timestamp":"2025-09-14 14:33:24.406"}
{"level":"info","message":{"endpoint":"/admin/settings","method":"GET","metric":"http_request_duration","statusCode":401,"timestamp":"2025-09-14T21:33:24.410Z","value":235},"timestamp":"2025-09-14 14:33:24.410"}
{"level":"info","message":{"endpoint":"/dashboard/metrics","method":"GET","metric":"http_request_duration","statusCode":200,"timestamp":"2025-09-14T21:33:49.946Z","value":85526},"timestamp":"2025-09-14 14:33:49.946"}
{"level":"info","message":{"endpoint":"/api/shifts","method":"POST","metric":"http_request_duration","statusCode":500,"timestamp":"2025-09-14T21:33:54.987Z","value":2},"timestamp":"2025-09-14 14:33:54.987"}
{"level":"info","message":{"endpoint":"/api/shifts","method":"POST","metric":"http_request_duration","statusCode":500,"timestamp":"2025-09-14T21:40:01.572Z","value":2},"timestamp":"2025-09-14 14:40:01.572"}
{"level":"info","message":{"endpoint":"/health","method":"HEAD","metric":"http_request_duration","statusCode":200,"timestamp":"2025-09-14T21:44:11.024Z","value":4},"timestamp":"2025-09-14 14:44:11.024"}
{"level":"info","message":{"endpoint":"/health","method":"GET","metric":"http_request_duration","statusCode":200,"timestamp":"2025-09-14T21:49:40.716Z","value":9},"timestamp":"2025-09-14 14:49:40.716"}
{"level":"info","message":{"endpoint":"/health","method":"GET","metric":"http_request_duration","statusCode":200,"timestamp":"2025-09-14T21:50:07.959Z","value":5},"timestamp":"2025-09-14 14:50:07.959"}
{"level":"info","message":{"endpoint":"/shifts","method":"POST","metric":"http_request_duration","statusCode":401,"timestamp":"2025-09-14T21:51:23.800Z","value":129},"timestamp":"2025-09-14 14:51:23.800"}
{"level":"info","message":{"endpoint":"/shifts","method":"GET","metric":"http_request_duration","statusCode":401,"timestamp":"2025-09-14T21:53:58.023Z","value":207},"timestamp":"2025-09-14 14:53:58.023"}
{"level":"info","message":{"endpoint":"/shifts","method":"POST","metric":"http_request_duration","statusCode":401,"timestamp":"2025-09-14T22:06:27.093Z","value":2},"timestamp":"2025-09-14 15:06:27.093"}
{"level":"info","message":{"endpoint":"/health","method":"GET","metric":"http_request_duration","statusCode":200,"timestamp":"2025-09-14T23:50:33.005Z","value":8},"timestamp":"2025-09-14 16:50:33.005"}
{"level":"info","message":{"endpoint":"/health","method":"GET","metric":"http_request_duration","statusCode":200,"timestamp":"2025-09-14T23:50:33.140Z","value":7},"timestamp":"2025-09-14 16:50:33.140"}
{"level":"info","message":{"endpoint":"/health","method":"GET","metric":"http_request_duration","statusCode":200,"timestamp":"2025-09-15T00:24:20.343Z","value":5},"timestamp":"2025-09-14 17:24:20.343"}
{"level":"info","message":{"endpoint":"/health","method":"GET","metric":"http_request_duration","statusCode":200,"timestamp":"2025-09-15T00:30:35.599Z","value":8},"timestamp":"2025-09-14 17:30:35.599"}
{"level":"info","message":{"endpoint":"/health","method":"GET","metric":"http_request_duration","statusCode":200,"timestamp":"2025-09-15T00:35:50.998Z","value":10},"timestamp":"2025-09-14 17:35:50.998"}
{"level":"info","message":{"endpoint":"/health","method":"GET","metric":"http_request_duration","statusCode":200,"timestamp":"2025-09-15T00:50:00.376Z","value":4},"timestamp":"2025-09-14 17:50:00.376"}
{"level":"info","message":{"endpoint":"/health","method":"GET","metric":"http_request_duration","statusCode":200,"timestamp":"2025-09-15T00:50:00.386Z","value":3},"timestamp":"2025-09-14 17:50:00.386"}
{"level":"info","message":{"endpoint":"/health","method":"GET","metric":"http_request_duration","statusCode":200,"timestamp":"2025-09-15T00:52:40.943Z","value":3},"timestamp":"2025-09-14 17:52:40.943"}
{"level":"info","message":{"endpoint":"/departments","method":"GET","metric":"http_request_duration","statusCode":401,"timestamp":"2025-09-15T00:52:40.952Z","value":2},"timestamp":"2025-09-14 17:52:40.952"}
{"level":"info","message":{"endpoint":"/departments","method":"POST","metric":"http_request_duration","statusCode":401,"timestamp":"2025-09-15T00:52:41.224Z","value":268},"timestamp":"2025-09-14 17:52:41.224"}
{"level":"info","message":{"endpoint":"/staff","method":"GET","metric":"http_request_duration","statusCode":401,"timestamp":"2025-09-15T00:52:41.230Z","value":2},"timestamp":"2025-09-14 17:52:41.230"}
{"level":"info","message":{"endpoint":"/shifts","method":"POST","metric":"http_request_duration","statusCode":401,"timestamp":"2025-09-15T00:52:41.242Z","value":2},"timestamp":"2025-09-14 17:52:41.242"}
{"level":"info","message":{"endpoint":"/shifts","method":"GET","metric":"http_request_duration","statusCode":401,"timestamp":"2025-09-15T00:52:41.247Z","value":2},"timestamp":"2025-09-14 17:52:41.247"}
{"level":"info","message":{"endpoint":"/departments","method":"GET","metric":"http_request_duration","statusCode":401,"timestamp":"2025-09-15T00:52:41.275Z","value":11},"timestamp":"2025-09-14 17:52:41.275"}
{"level":"info","message":{"endpoint":"/departments","method":"GET","metric":"http_request_duration","statusCode":401,"timestamp":"2025-09-15T00:52:41.284Z","value":1},"timestamp":"2025-09-14 17:52:41.284"}
